<?xml version="1.0" encoding="UTF-8"?>
<robot generator="Robot 5.0.1 (Python 3.9.5 on win32)" generated="20220816 13:55:54.499" rpa="false" schemaversion="3">
<suite id="s1" name="Test1" source="d:\Belajar\QA\Robot\RF\test1.robot">
<test id="s1-t1" name="Import Excel Pemilih Tetap" line="111">
<kw name="Open Browser" library="SeleniumLibrary">
<arg>${SiteUrl}</arg>
<arg>${Browser}</arg>
<doc>Opens a new browser instance to the optional ``url``.</doc>
<msg timestamp="20220816 13:55:54.931" level="INFO">Opening browser 'chrome' to base url 'https://aps-rejanglebong.skwn.dev/dev/'.</msg>
<status status="PASS" starttime="20220816 13:55:54.930" endtime="20220816 13:56:02.031"/>
</kw>
<kw name="Maximize Browser Window" library="SeleniumLibrary">
<doc>Maximizes current browser window.</doc>
<status status="PASS" starttime="20220816 13:56:02.032" endtime="20220816 13:56:02.169"/>
</kw>
<kw name="Set Selenium Speed" library="SeleniumLibrary">
<arg>2</arg>
<doc>Sets the delay that is waited after each Selenium command.</doc>
<status status="PASS" starttime="20220816 13:56:02.170" endtime="20220816 13:56:02.172"/>
</kw>
<kw name="Input Text" library="SeleniumLibrary">
<arg>id:username</arg>
<arg>superadmin</arg>
<doc>Types the given ``text`` into the text field identified by ``locator``.</doc>
<msg timestamp="20220816 13:56:02.175" level="INFO">Typing text 'superadmin' into text field 'id:username'.</msg>
<status status="PASS" starttime="20220816 13:56:02.173" endtime="20220816 13:56:08.409"/>
</kw>
<kw name="Input Password" library="SeleniumLibrary">
<arg>id:password</arg>
<arg>password123</arg>
<doc>Types the given password into the text field identified by ``locator``.</doc>
<msg timestamp="20220816 13:56:08.411" level="INFO">Typing password into text field 'id:password'.</msg>
<msg timestamp="20220816 13:56:12.476" level="INFO">Temporally setting log level to: NONE</msg>
<msg timestamp="20220816 13:56:14.589" level="INFO">Log level changed from NONE to INFO.</msg>
<status status="PASS" starttime="20220816 13:56:08.410" endtime="20220816 13:56:14.589"/>
</kw>
<kw name="Click Element" library="SeleniumLibrary">
<arg>css:button[type="button"]</arg>
<doc>Click the element identified by ``locator``.</doc>
<msg timestamp="20220816 13:56:14.591" level="INFO">Clicking element 'css:button[type="button"]'.</msg>
<status status="PASS" starttime="20220816 13:56:14.591" endtime="20220816 13:56:18.709"/>
</kw>
<kw name="Sleep" library="BuiltIn">
<arg>10</arg>
<doc>Pauses the test executed for the given time.</doc>
<msg timestamp="20220816 13:56:28.716" level="INFO">Slept 10 seconds</msg>
<status status="PASS" starttime="20220816 13:56:18.710" endtime="20220816 13:56:28.717"/>
</kw>
<kw name="Click Element" library="SeleniumLibrary">
<arg>//*[@id="kt_aside_menu"]/ul/li[3]/a</arg>
<doc>Click the element identified by ``locator``.</doc>
<msg timestamp="20220816 13:56:28.721" level="INFO">Clicking element '//*[@id="kt_aside_menu"]/ul/li[3]/a'.</msg>
<status status="PASS" starttime="20220816 13:56:28.719" endtime="20220816 13:56:32.846"/>
</kw>
<kw name="Sleep" library="BuiltIn">
<arg>10</arg>
<doc>Pauses the test executed for the given time.</doc>
<msg timestamp="20220816 13:56:42.849" level="INFO">Slept 10 seconds</msg>
<status status="PASS" starttime="20220816 13:56:32.847" endtime="20220816 13:56:42.849"/>
</kw>
<kw name="Click Button" library="SeleniumLibrary">
<arg>//*[@id="cardDataPemilih"]/div/div[1]/div[2]/div/div[2]/div/button[2]</arg>
<doc>Clicks the button identified by ``locator``.</doc>
<msg timestamp="20220816 13:56:42.856" level="INFO">Clicking button '//*[@id="cardDataPemilih"]/div/div[1]/div[2]/div/div[2]/div/button[2]'.</msg>
<status status="PASS" starttime="20220816 13:56:42.855" endtime="20220816 13:56:53.046"/>
</kw>
<kw name="Sleep" library="BuiltIn">
<arg>7</arg>
<doc>Pauses the test executed for the given time.</doc>
<msg timestamp="20220816 13:57:00.055" level="INFO">Slept 7 seconds</msg>
<status status="PASS" starttime="20220816 13:56:53.048" endtime="20220816 13:57:00.056"/>
</kw>
<kw name="Click Element" library="SeleniumLibrary">
<arg>//*[@id="cardDataPemilih"]/div/div[1]/div[2]/div/div[2]/div/div/a[1]</arg>
<doc>Click the element identified by ``locator``.</doc>
<msg timestamp="20220816 13:57:00.058" level="INFO">Clicking element '//*[@id="cardDataPemilih"]/div/div[1]/div[2]/div/div[2]/div/div/a[1]'.</msg>
<status status="PASS" starttime="20220816 13:57:00.057" endtime="20220816 13:57:04.214"/>
</kw>
<kw name="Sleep" library="BuiltIn">
<arg>7</arg>
<doc>Pauses the test executed for the given time.</doc>
<msg timestamp="20220816 13:57:11.224" level="INFO">Slept 7 seconds</msg>
<status status="PASS" starttime="20220816 13:57:04.216" endtime="20220816 13:57:11.224"/>
</kw>
<kw name="Click Button" library="SeleniumLibrary">
<arg>//*[@id="cardDataPemilih"]/div/div[1]/div[2]/div/div[2]/div/button[2]</arg>
<doc>Clicks the button identified by ``locator``.</doc>
<msg timestamp="20220816 13:57:11.227" level="INFO">Clicking button '//*[@id="cardDataPemilih"]/div/div[1]/div[2]/div/div[2]/div/button[2]'.</msg>
<status status="PASS" starttime="20220816 13:57:11.226" endtime="20220816 13:57:21.374"/>
</kw>
<kw name="Sleep" library="BuiltIn">
<arg>7</arg>
<doc>Pauses the test executed for the given time.</doc>
<msg timestamp="20220816 13:57:28.380" level="INFO">Slept 7 seconds</msg>
<status status="PASS" starttime="20220816 13:57:21.376" endtime="20220816 13:57:28.381"/>
</kw>
<kw name="Click Element" library="SeleniumLibrary">
<arg>//*[@id="cardDataPemilih"]/div/div[1]/div[2]/div/div[2]/div/div/a[2]</arg>
<doc>Click the element identified by ``locator``.</doc>
<msg timestamp="20220816 13:57:28.385" level="INFO">Clicking element '//*[@id="cardDataPemilih"]/div/div[1]/div[2]/div/div[2]/div/div/a[2]'.</msg>
<status status="PASS" starttime="20220816 13:57:28.383" endtime="20220816 13:57:32.574"/>
</kw>
<kw name="Sleep" library="BuiltIn">
<arg>5</arg>
<doc>Pauses the test executed for the given time.</doc>
<msg timestamp="20220816 13:57:37.591" level="INFO">Slept 5 seconds</msg>
<status status="PASS" starttime="20220816 13:57:32.576" endtime="20220816 13:57:37.592"/>
</kw>
<kw name="Click Element" library="SeleniumLibrary">
<arg>//*[@id="form_upload_pemilih"]/div[1]/div/div/input</arg>
<doc>Click the element identified by ``locator``.</doc>
<msg timestamp="20220816 13:57:37.596" level="INFO">Clicking element '//*[@id="form_upload_pemilih"]/div[1]/div/div/input'.</msg>
<msg timestamp="20220816 13:57:43.933" level="INFO" html="true">&lt;/td&gt;&lt;/tr&gt;&lt;tr&gt;&lt;td colspan="3"&gt;&lt;a href="selenium-screenshot-3.png"&gt;&lt;img src="selenium-screenshot-3.png" width="800px"&gt;&lt;/a&gt;</msg>
<msg timestamp="20220816 13:57:43.935" level="FAIL">InvalidArgumentException: Message: invalid argument
  (Session info: chrome=104.0.5112.81)
Stacktrace:
Backtrace:
	Ordinal0 [0x00235FD3+2187219]
	Ordinal0 [0x001CE6D1+1763025]
	Ordinal0 [0x000E3D40+802112]
	Ordinal0 [0x00109171+954737]
	Ordinal0 [0x0012CB8C+1100684]
	Ordinal0 [0x00108394+951188]
	Ordinal0 [0x0012CDA4+1101220]
	Ordinal0 [0x0013CFC2+1167298]
	Ordinal0 [0x0012C9A6+1100198]
	Ordinal0 [0x00106F80+946048]
	Ordinal0 [0x00107E76+949878]
	GetHandleVerifier [0x004D90C2+2721218]
	GetHandleVerifier [0x004CAAF0+2662384]
	GetHandleVerifier [0x002C137A+526458]
	GetHandleVerifier [0x002C0416+522518]
	Ordinal0 [0x001D4EAB+1789611]
	Ordinal0 [0x001D97A8+1808296]
	Ordinal0 [0x001D9895+1808533]
	Ordinal0 [0x001E26C1+1844929]
	BaseThreadInitThunk [0x75C7FA29+25]
	RtlGetAppContainerNamedObjectPath [0x777D7A9E+286]
	RtlGetAppContainerNamedObjectPath [0x777D7A6E+238]
	(No symbol) [0x00000000]
</msg>
<status status="FAIL" starttime="20220816 13:57:37.595" endtime="20220816 13:57:43.940"/>
</kw>
<kw name="Sleep" library="BuiltIn">
<arg>5</arg>
<doc>Pauses the test executed for the given time.</doc>
<status status="NOT RUN" starttime="20220816 13:57:43.942" endtime="20220816 13:57:43.942"/>
</kw>
<status status="FAIL" starttime="20220816 13:55:54.927" endtime="20220816 13:57:43.944">InvalidArgumentException: Message: invalid argument
  (Session info: chrome=104.0.5112.81)
Stacktrace:
Backtrace:
	Ordinal0 [0x00235FD3+2187219]
	Ordinal0 [0x001CE6D1+1763025]
	Ordinal0 [0x000E3D40+802112]
	Ordinal0 [0x00109171+954737]
	Ordinal0 [0x0012CB8C+1100684]
	Ordinal0 [0x00108394+951188]
	Ordinal0 [0x0012CDA4+1101220]
	Ordinal0 [0x0013CFC2+1167298]
	Ordinal0 [0x0012C9A6+1100198]
	Ordinal0 [0x00106F80+946048]
	Ordinal0 [0x00107E76+949878]
	GetHandleVerifier [0x004D90C2+2721218]
	GetHandleVerifier [0x004CAAF0+2662384]
	GetHandleVerifier [0x002C137A+526458]
	GetHandleVerifier [0x002C0416+522518]
	Ordinal0 [0x001D4EAB+1789611]
	Ordinal0 [0x001D97A8+1808296]
	Ordinal0 [0x001D9895+1808533]
	Ordinal0 [0x001E26C1+1844929]
	BaseThreadInitThunk [0x75C7FA29+25]
	RtlGetAppContainerNamedObjectPath [0x777D7A9E+286]
	RtlGetAppContainerNamedObjectPath [0x777D7A6E+238]
	(No symbol) [0x00000000]
</status>
</test>
<status status="FAIL" starttime="20220816 13:55:54.512" endtime="20220816 13:57:43.952"/>
</suite>
<statistics>
<total>
<stat pass="0" fail="1" skip="0">All Tests</stat>
</total>
<tag>
</tag>
<suite>
<stat pass="0" fail="1" skip="0" id="s1" name="Test1">Test1</stat>
</suite>
</statistics>
<errors>
</errors>
</robot>
